<?xml version="1.0" encoding="UTF-8"?>
<testsuite xmlns:xsi="http://www.w3.org/2001/XMLSchema-instance" xsi:noNamespaceSchemaLocation="https://maven.apache.org/surefire/maven-surefire-plugin/xsd/surefire-test-report.xsd" name="org.example.AppTest" time="1.623" tests="29" errors="0" skipped="0" failures="0">
  <properties>
    <property name="awt.toolkit" value="sun.awt.X11.XToolkit"/>
    <property name="java.specification.version" value="11"/>
    <property name="sun.cpu.isalist" value=""/>
    <property name="sun.jnu.encoding" value="UTF-8"/>
    <property name="java.class.path" value="/mnt/c/Users/naray/Documents/IIITB/Semester_7/Software Testing/Projects/Library-Management-main/target/test-classes:/mnt/c/Users/naray/Documents/IIITB/Semester_7/Software Testing/Projects/Library-Management-main/target/classes:/home/madhav/.m2/repository/junit/junit/4.11/junit-4.11.jar:/home/madhav/.m2/repository/org/hamcrest/hamcrest-core/1.3/hamcrest-core-1.3.jar:"/>
    <property name="java.vm.vendor" value="Ubuntu"/>
    <property name="sun.arch.data.model" value="64"/>
    <property name="java.vendor.url" value="https://ubuntu.com/"/>
    <property name="user.timezone" value=""/>
    <property name="java.vm.specification.version" value="11"/>
    <property name="os.name" value="Linux"/>
    <property name="sun.java.launcher" value="SUN_STANDARD"/>
    <property name="sun.boot.library.path" value="/usr/lib/jvm/java-11-openjdk-amd64/lib"/>
    <property name="sun.java.command" value="/mnt/c/Users/naray/Documents/IIITB/Semester_7/Software Testing/Projects/Library-Management-main/target/surefire/surefirebooter13594731226710272967.jar /mnt/c/Users/naray/Documents/IIITB/Semester_7/Software Testing/Projects/Library-Management-main/target/surefire 2023-11-27T03-16-14_667-jvmRun1 surefire11949501343394495536tmp surefire_06229791276320172948tmp"/>
    <property name="jdk.debug" value="release"/>
    <property name="surefire.test.class.path" value="/mnt/c/Users/naray/Documents/IIITB/Semester_7/Software Testing/Projects/Library-Management-main/target/test-classes:/mnt/c/Users/naray/Documents/IIITB/Semester_7/Software Testing/Projects/Library-Management-main/target/classes:/home/madhav/.m2/repository/junit/junit/4.11/junit-4.11.jar:/home/madhav/.m2/repository/org/hamcrest/hamcrest-core/1.3/hamcrest-core-1.3.jar:"/>
    <property name="sun.cpu.endian" value="little"/>
    <property name="user.home" value="/home/madhav"/>
    <property name="user.language" value="en"/>
    <property name="java.specification.vendor" value="Oracle Corporation"/>
    <property name="java.version.date" value="2023-08-24"/>
    <property name="java.home" value="/usr/lib/jvm/java-11-openjdk-amd64"/>
    <property name="file.separator" value="/"/>
    <property name="basedir" value="/mnt/c/Users/naray/Documents/IIITB/Semester_7/Software Testing/Projects/Library-Management-main"/>
    <property name="java.vm.compressedOopsMode" value="32-bit"/>
    <property name="line.separator" value="&#10;"/>
    <property name="java.specification.name" value="Java Platform API Specification"/>
    <property name="java.vm.specification.vendor" value="Oracle Corporation"/>
    <property name="java.awt.graphicsenv" value="sun.awt.X11GraphicsEnvironment"/>
    <property name="surefire.real.class.path" value="/mnt/c/Users/naray/Documents/IIITB/Semester_7/Software Testing/Projects/Library-Management-main/target/surefire/surefirebooter13594731226710272967.jar"/>
    <property name="sun.management.compiler" value="HotSpot 64-Bit Tiered Compilers"/>
    <property name="java.runtime.version" value="11.0.20.1+1-post-Ubuntu-0ubuntu120.04"/>
    <property name="user.name" value="madhav"/>
    <property name="path.separator" value=":"/>
    <property name="os.version" value="5.15.133.1-microsoft-standard-WSL2"/>
    <property name="java.runtime.name" value="OpenJDK Runtime Environment"/>
    <property name="file.encoding" value="UTF-8"/>
    <property name="java.vm.name" value="OpenJDK 64-Bit Server VM"/>
    <property name="localRepository" value="/home/madhav/.m2/repository"/>
    <property name="java.vendor.url.bug" value="https://bugs.launchpad.net/ubuntu/+source/openjdk-lts"/>
    <property name="java.io.tmpdir" value="/tmp"/>
    <property name="java.version" value="11.0.20.1"/>
    <property name="user.dir" value="/mnt/c/Users/naray/Documents/IIITB/Semester_7/Software Testing/Projects/Library-Management-main"/>
    <property name="os.arch" value="amd64"/>
    <property name="java.vm.specification.name" value="Java Virtual Machine Specification"/>
    <property name="java.awt.printerjob" value="sun.print.PSPrinterJob"/>
    <property name="sun.os.patch.level" value="unknown"/>
    <property name="java.library.path" value="/usr/java/packages/lib:/usr/lib/x86_64-linux-gnu/jni:/lib/x86_64-linux-gnu:/usr/lib/x86_64-linux-gnu:/usr/lib/jni:/lib:/usr/lib"/>
    <property name="java.vm.info" value="mixed mode, sharing"/>
    <property name="java.vendor" value="Ubuntu"/>
    <property name="java.vm.version" value="11.0.20.1+1-post-Ubuntu-0ubuntu120.04"/>
    <property name="java.specification.maintenance.version" value="2"/>
    <property name="sun.io.unicode.encoding" value="UnicodeLittle"/>
    <property name="java.class.version" value="55.0"/>
  </properties>
  <testcase name="RentFunctions" classname="org.example.AppTest" time="0.18"/>
  <testcase name="MemberFunctions" classname="org.example.AppTest" time="0.029"/>
  <testcase name="membercli8" classname="org.example.AppTest" time="0.057"/>
  <testcase name="membercli9" classname="org.example.AppTest" time="0.028"/>
  <testcase name="AppCheck1" classname="org.example.AppTest" time="0.021"/>
  <testcase name="AppCheck2" classname="org.example.AppTest" time="0.021"/>
  <testcase name="MembersCLI1" classname="org.example.AppTest" time="0.02"/>
  <testcase name="MembersCLI2" classname="org.example.AppTest" time="0.107"/>
  <testcase name="MembersCLI3" classname="org.example.AppTest" time="0.024"/>
  <testcase name="MembersCLI4" classname="org.example.AppTest" time="0.02"/>
  <testcase name="MembersCLI5" classname="org.example.AppTest" time="0.028"/>
  <testcase name="MembersCLI6" classname="org.example.AppTest" time="0.027"/>
  <testcase name="MembersCLI7" classname="org.example.AppTest" time="0.031"/>
  <testcase name="PersonFunctions" classname="org.example.AppTest" time="0.019"/>
  <testcase name="BookFunctions" classname="org.example.AppTest" time="0.024"/>
  <testcase name="MyManagerFiles" classname="org.example.AppTest" time="0.1"/>
  <testcase name="Util" classname="org.example.AppTest" time="0.03"/>
  <testcase name="MyMemberFiles" classname="org.example.AppTest" time="0.04"/>
  <testcase name="MyBookFiles" classname="org.example.AppTest" time="0.081"/>
  <testcase name="MyRentFiles" classname="org.example.AppTest" time="0.045"/>
  <testcase name="ManagerFunctions" classname="org.example.AppTest" time="0.034"/>
  <testcase name="ManagerCLI1" classname="org.example.AppTest" time="0.036"/>
  <testcase name="ManagerCLI2" classname="org.example.AppTest" time="0.04"/>
  <testcase name="ManagerCLI3" classname="org.example.AppTest" time="0.022"/>
  <testcase name="ManagerCLI4" classname="org.example.AppTest" time="0.022"/>
  <testcase name="ManagerCLI5" classname="org.example.AppTest" time="0.065"/>
  <testcase name="ManagerCLI6" classname="org.example.AppTest" time="0.021"/>
  <testcase name="ManagerCLI7" classname="org.example.AppTest" time="0.09"/>
  <testcase name="ManagerCLI8" classname="org.example.AppTest" time="0.136"/>
</testsuite>